<?xml version="1.0" encoding="UTF-8"?>
<!-- Generated by org.testng.reporters.JUnitXMLReporter -->
<testsuite ignored="0" hostname="Thirumalaivasans-MacBook-Air.local" failures="0" tests="1" name="Default test" time="2.513" errors="0" timestamp="2024-06-23T23:08:50 IST">
  <testcase classname="baseFunctions.CommonFunctions" name="@BeforeMethod login" time="2.491">
    <failure type="com.microsoft.playwright.PlaywrightException" message="Failed to read storage state from file">
      <![CDATA[com.microsoft.playwright.PlaywrightException: Failed to read storage state from file
at com.microsoft.playwright.impl.BrowserImpl.newContextImpl(BrowserImpl.java:136)
at com.microsoft.playwright.impl.BrowserImpl.lambda$newContext$1(BrowserImpl.java:120)
at com.microsoft.playwright.impl.LoggingSupport.withLogging(LoggingSupport.java:47)
at com.microsoft.playwright.impl.ChannelOwner.withLogging(ChannelOwner.java:89)
at com.microsoft.playwright.impl.BrowserImpl.newContext(BrowserImpl.java:120)
at com.microsoft.playwright.impl.BrowserImpl.newContext(BrowserImpl.java:37)
at org.framework.playwright.utils.UtilityClass.initialization(UtilityClass.java:59)
at baseFunctions.CommonFunctions.login(CommonFunctions.java:17)
at java.base/jdk.internal.reflect.DirectMethodHandleAccessor.invoke(DirectMethodHandleAccessor.java:103)
at java.base/java.lang.reflect.Method.invoke(Method.java:580)
at org.testng.internal.invokers.MethodInvocationHelper.invokeMethod(MethodInvocationHelper.java:139)
at org.testng.internal.invokers.MethodInvocationHelper.invokeMethodConsideringTimeout(MethodInvocationHelper.java:69)
at org.testng.internal.invokers.ConfigInvoker.invokeConfigurationMethod(ConfigInvoker.java:393)
at org.testng.internal.invokers.ConfigInvoker.invokeConfigurations(ConfigInvoker.java:326)
at org.testng.internal.invokers.TestInvoker.runConfigMethods(TestInvoker.java:810)
at org.testng.internal.invokers.TestInvoker.invokeMethod(TestInvoker.java:578)
at org.testng.internal.invokers.TestInvoker.invokeTestMethod(TestInvoker.java:228)
at org.testng.internal.invokers.MethodRunner.runInSequence(MethodRunner.java:63)
at org.testng.internal.invokers.TestInvoker$MethodInvocationAgent.invoke(TestInvoker.java:961)
at org.testng.internal.invokers.TestInvoker.invokeTestMethods(TestInvoker.java:201)
at org.testng.internal.invokers.TestMethodWorker.invokeTestMethods(TestMethodWorker.java:148)
at org.testng.internal.invokers.TestMethodWorker.run(TestMethodWorker.java:128)
at java.base/java.util.ArrayList.forEach(ArrayList.java:1596)
at org.testng.TestRunner.privateRun(TestRunner.java:819)
at org.testng.TestRunner.run(TestRunner.java:619)
at org.testng.SuiteRunner.runTest(SuiteRunner.java:443)
at org.testng.SuiteRunner.runSequentially(SuiteRunner.java:437)
at org.testng.SuiteRunner.privateRun(SuiteRunner.java:397)
at org.testng.SuiteRunner.run(SuiteRunner.java:336)
at org.testng.SuiteRunnerWorker.runSuite(SuiteRunnerWorker.java:52)
at org.testng.SuiteRunnerWorker.run(SuiteRunnerWorker.java:95)
at org.testng.TestNG.runSuitesSequentially(TestNG.java:1301)
at org.testng.TestNG.runSuitesLocally(TestNG.java:1228)
at org.testng.TestNG.runSuites(TestNG.java:1134)
at org.testng.TestNG.run(TestNG.java:1101)
at org.testng.remote.AbstractRemoteTestNG.run(AbstractRemoteTestNG.java:115)
at org.testng.remote.RemoteTestNG.initAndRun(RemoteTestNG.java:251)
at org.testng.remote.RemoteTestNG.main(RemoteTestNG.java:77)
Caused by: java.nio.file.NoSuchFileException: loginDataPath
at java.base/sun.nio.fs.UnixException.translateToIOException(UnixException.java:92)
at java.base/sun.nio.fs.UnixException.rethrowAsIOException(UnixException.java:106)
at java.base/sun.nio.fs.UnixException.rethrowAsIOException(UnixException.java:111)
at java.base/sun.nio.fs.UnixFileSystemProvider.newByteChannel(UnixFileSystemProvider.java:261)
at java.base/java.nio.file.Files.newByteChannel(Files.java:379)
at java.base/java.nio.file.Files.newByteChannel(Files.java:431)
at java.base/java.nio.file.Files.readAllBytes(Files.java:3268)
at com.microsoft.playwright.impl.BrowserImpl.newContextImpl(BrowserImpl.java:132)
... 37 more
]]>
    </failure>
  </testcase> <!-- @BeforeMethod login -->
  <testcase classname="testCases.PlaywrightInitialization" name="searchVedioFunctionaly" time="0.0">
    <skipped/>
  </testcase> <!-- searchVedioFunctionaly -->
</testsuite> <!-- Default test -->
